<?xml version="1.0" encoding="UTF-8"?>
<!-- Generated by org.testng.reporters.JUnitXMLReporter -->
<testsuite hostname="DESKTOP-87CA92U" ignored="0" name="Run On Chrome" tests="4" failures="0" timestamp="10 Apr 2021 05:07:05 GMT" time="34.155" errors="0">
  <testcase name="TC01_SortZA" time="4.111" classname="com.saucelab.Sort.TC01_Sort"/>
  <testcase name="TC02_SortAZ" time="3.283" classname="com.saucelab.Sort.TC01_Sort"/>
  <testcase name="TC03_SortPriceLowToHigh" time="3.342" classname="com.saucelab.Sort.TC01_Sort"/>
  <testcase name="TC04_SortPriceHighToLow" time="3.323" classname="com.saucelab.Sort.TC01_Sort"/>
</testsuite> <!-- Run On Chrome -->
