<?xml version="1.0" encoding="UTF-8"?>
<!-- Generated by org.testng.reporters.JUnitXMLReporter -->
<testsuite hostname="DESKTOP-87CA92U" ignored="0" name="Run On Chrome" tests="4" failures="0" timestamp="28 Mar 2021 13:57:28 GMT" time="0.715" errors="0">
  <testcase name="@BeforeClass beforeClass" time="0.059" classname="com.saucelab.Sort.TC01_Sort">
    <failure type="java.lang.NullPointerException">
      <![CDATA[java.lang.NullPointerException
at com.saucelab.Sort.TC01_Sort.beforeClass(TC01_Sort.java:27)
... Removed 26 stack frames]]>
    </failure>
  </testcase> <!-- @BeforeClass beforeClass -->
  <testcase name="@AfterClass afterClass" time="0.0" classname="com.saucelab.Sort.TC01_Sort">
    <skipped/>
  </testcase> <!-- @AfterClass afterClass -->
  <testcase name="TC01_SortZA" time="0.0" classname="com.saucelab.Sort.TC01_Sort">
    <skipped/>
  </testcase> <!-- TC01_SortZA -->
  <testcase name="TC02_SortAZ" time="0.0" classname="com.saucelab.Sort.TC01_Sort">
    <skipped/>
  </testcase> <!-- TC02_SortAZ -->
  <testcase name="TC03_SortPriceLowToHigh" time="0.0" classname="com.saucelab.Sort.TC01_Sort">
    <skipped/>
  </testcase> <!-- TC03_SortPriceLowToHigh -->
  <testcase name="TC04_SortPriceHighToLow" time="0.0" classname="com.saucelab.Sort.TC01_Sort">
    <skipped/>
  </testcase> <!-- TC04_SortPriceHighToLow -->
</testsuite> <!-- Run On Chrome -->
