<?xml version="1.0" encoding="UTF-8"?>
<testsuite xmlns:xsi="http://www.w3.org/2001/XMLSchema-instance" xsi:noNamespaceSchemaLocation="https://maven.apache.org/surefire/maven-surefire-plugin/xsd/surefire-test-report.xsd" name="TestSuite" time="41.476" tests="4" errors="0" skipped="0" failures="0">
  <properties>
[...]
</properties>
  <testcase name="TC01_SortZA" classname="com.saucelab.Sort.TC01_Sort" time="4.168"/>
  <testcase name="TC02_SortAZ" classname="com.saucelab.Sort.TC01_Sort" time="3.293"/>
  <testcase name="TC03_SortPriceLowToHigh" classname="com.saucelab.Sort.TC01_Sort" time="3.393"/>
  <testcase name="TC04_SortPriceHighToLow" classname="com.saucelab.Sort.TC01_Sort" time="3.51"/>
</testsuite>