<?xml version="1.0" encoding="UTF-8"?>
<testng-results skipped="0" failed="0" ignored="0" total="4" passed="4">
  <reporter-output>
    <line>
      <![CDATA[[INFO ] [2021-04-10 12:06:31,858] Open Sauce Lab page
<br>]]>
    </line>
    <line>
      <![CDATA[[INFO ] [2021-04-10 12:06:48,411] Input value to user name textbox
<br>]]>
    </line>
    <line>
      <![CDATA[[INFO ] [2021-04-10 12:06:49,492] Input value to password textbox
<br>]]>
    </line>
    <line>
      <![CDATA[[INFO ] [2021-04-10 12:06:49,760] Click on Log In button
<br>]]>
    </line>
    <line>
      <![CDATA[[INFO ] [2021-04-10 12:06:53,588] Select Name (Z to A) combobox
<br>]]>
    </line>
    <line>
      <![CDATA[[INFO ] [2021-04-10 12:06:54,101] Verify product name sort desc
<br>]]>
    </line>
    <line>
      <![CDATA[[INFO ] [2021-04-10 12:06:54,297]  -------------------------- PASSED -------------------------- 
<br>]]>
    </line>
    <line>
      <![CDATA[[INFO ] [2021-04-10 12:06:57,641] Select Name (A to Z) combobox
<br>]]>
    </line>
    <line>
      <![CDATA[[INFO ] [2021-04-10 12:06:57,823] Verify product name sort asc
<br>]]>
    </line>
    <line>
      <![CDATA[[INFO ] [2021-04-10 12:06:57,916]  -------------------------- PASSED -------------------------- 
<br>]]>
    </line>
    <line>
      <![CDATA[[INFO ] [2021-04-10 12:07:00,926] Select Price (low to high) combobox
<br>]]>
    </line>
    <line>
      <![CDATA[[INFO ] [2021-04-10 12:07:01,091] Verify product name sort Price (low to high)
<br>]]>
    </line>
    <line>
      <![CDATA[[INFO ] [2021-04-10 12:07:01,263]  -------------------------- PASSED -------------------------- 
<br>]]>
    </line>
    <line>
      <![CDATA[[INFO ] [2021-04-10 12:07:04,271] Select Price (high to low) combobox
<br>]]>
    </line>
    <line>
      <![CDATA[[INFO ] [2021-04-10 12:07:04,490] Verify product name sort Price (high to low)
<br>]]>
    </line>
    <line>
      <![CDATA[[INFO ] [2021-04-10 12:07:04,588]  -------------------------- PASSED -------------------------- 
<br>]]>
    </line>
  </reporter-output>
  <suite name="Sauce Labs" duration-ms="34155" started-at="2021-04-10T05:06:31Z" finished-at="2021-04-10T05:07:05Z">
    <groups>
    </groups>
    <test name="Run On Chrome" duration-ms="34155" started-at="2021-04-10T05:06:31Z" finished-at="2021-04-10T05:07:05Z">
      <class name="com.saucelab.Sort.TC01_Sort">
        <test-method status="PASS" signature="beforeClass(java.lang.String)[pri:0, instance:com.saucelab.Sort.TC01_Sort@36b6964d]" name="beforeClass" is-config="true" duration-ms="18420" started-at="2021-04-10T05:06:31Z" finished-at="2021-04-10T05:06:50Z">
          <params>
            <param index="0">
              <value>
                <![CDATA[chrome_ui]]>
              </value>
            </param>
          </params>
          <reporter-output>
            <line>
              <![CDATA[[INFO ] [2021-04-10 12:06:31,858] Open Sauce Lab page
<br>]]>
            </line>
            <line>
              <![CDATA[[INFO ] [2021-04-10 12:06:48,411] Input value to user name textbox
<br>]]>
            </line>
            <line>
              <![CDATA[[INFO ] [2021-04-10 12:06:49,492] Input value to password textbox
<br>]]>
            </line>
            <line>
              <![CDATA[[INFO ] [2021-04-10 12:06:49,760] Click on Log In button
<br>]]>
            </line>
          </reporter-output>
        </test-method> <!-- beforeClass -->
        <test-method status="PASS" signature="TC01_SortZA()[pri:0, instance:com.saucelab.Sort.TC01_Sort@36b6964d]" name="TC01_SortZA" duration-ms="4111" started-at="2021-04-10T05:06:50Z" finished-at="2021-04-10T05:06:54Z">
          <reporter-output>
            <line>
              <![CDATA[[INFO ] [2021-04-10 12:06:53,588] Select Name (Z to A) combobox
<br>]]>
            </line>
            <line>
              <![CDATA[[INFO ] [2021-04-10 12:06:54,101] Verify product name sort desc
<br>]]>
            </line>
            <line>
              <![CDATA[[INFO ] [2021-04-10 12:06:54,297]  -------------------------- PASSED -------------------------- 
<br>]]>
            </line>
          </reporter-output>
        </test-method> <!-- TC01_SortZA -->
        <test-method status="PASS" signature="TC02_SortAZ()[pri:0, instance:com.saucelab.Sort.TC01_Sort@36b6964d]" name="TC02_SortAZ" duration-ms="3283" started-at="2021-04-10T05:06:54Z" finished-at="2021-04-10T05:06:57Z">
          <reporter-output>
            <line>
              <![CDATA[[INFO ] [2021-04-10 12:06:57,641] Select Name (A to Z) combobox
<br>]]>
            </line>
            <line>
              <![CDATA[[INFO ] [2021-04-10 12:06:57,823] Verify product name sort asc
<br>]]>
            </line>
            <line>
              <![CDATA[[INFO ] [2021-04-10 12:06:57,916]  -------------------------- PASSED -------------------------- 
<br>]]>
            </line>
          </reporter-output>
        </test-method> <!-- TC02_SortAZ -->
        <test-method status="PASS" signature="TC03_SortPriceLowToHigh()[pri:0, instance:com.saucelab.Sort.TC01_Sort@36b6964d]" name="TC03_SortPriceLowToHigh" duration-ms="3342" started-at="2021-04-10T05:06:57Z" finished-at="2021-04-10T05:07:01Z">
          <reporter-output>
            <line>
              <![CDATA[[INFO ] [2021-04-10 12:07:00,926] Select Price (low to high) combobox
<br>]]>
            </line>
            <line>
              <![CDATA[[INFO ] [2021-04-10 12:07:01,091] Verify product name sort Price (low to high)
<br>]]>
            </line>
            <line>
              <![CDATA[[INFO ] [2021-04-10 12:07:01,263]  -------------------------- PASSED -------------------------- 
<br>]]>
            </line>
          </reporter-output>
        </test-method> <!-- TC03_SortPriceLowToHigh -->
        <test-method status="PASS" signature="TC04_SortPriceHighToLow()[pri:0, instance:com.saucelab.Sort.TC01_Sort@36b6964d]" name="TC04_SortPriceHighToLow" duration-ms="3323" started-at="2021-04-10T05:07:01Z" finished-at="2021-04-10T05:07:04Z">
          <reporter-output>
            <line>
              <![CDATA[[INFO ] [2021-04-10 12:07:04,271] Select Price (high to low) combobox
<br>]]>
            </line>
            <line>
              <![CDATA[[INFO ] [2021-04-10 12:07:04,490] Verify product name sort Price (high to low)
<br>]]>
            </line>
            <line>
              <![CDATA[[INFO ] [2021-04-10 12:07:04,588]  -------------------------- PASSED -------------------------- 
<br>]]>
            </line>
          </reporter-output>
        </test-method> <!-- TC04_SortPriceHighToLow -->
        <test-method status="PASS" signature="afterClass()[pri:0, instance:com.saucelab.Sort.TC01_Sort@36b6964d]" name="afterClass" is-config="true" duration-ms="1224" started-at="2021-04-10T05:07:04Z" finished-at="2021-04-10T05:07:05Z">
          <reporter-output>
          </reporter-output>
        </test-method> <!-- afterClass -->
      </class> <!-- com.saucelab.Sort.TC01_Sort -->
    </test> <!-- Run On Chrome -->
  </suite> <!-- Sauce Labs -->
</testng-results>
