<?xml version="1.0" encoding="UTF-8"?>
<testsuite name="Run On Chrome"
           tests="6"
           failures="1"
           errors="0"
           skipped="5"
           time="0.059">
  <properties />
            <testcase name="beforeClass" time="0.059" classname="com.saucelab.Sort.TC01_Sort">
                <failure type="java.lang.NullPointerException"
                  message="(null)"
              >
<![CDATA[java.lang.NullPointerException
  com.saucelab.Sort.TC01_Sort.beforeClass(TC01_Sort.java:27)
  sun.reflect.NativeMethodAccessorImpl.invoke0(Native Method)
  sun.reflect.NativeMethodAccessorImpl.invoke(NativeMethodAccessorImpl.java:62)
  sun.reflect.DelegatingMethodAccessorImpl.invoke(DelegatingMethodAccessorImpl.java:43)
  java.lang.reflect.Method.invoke(Method.java:498)
  org.testng.internal.MethodInvocationHelper.invokeMethod(MethodInvocationHelper.java:124)
  org.testng.internal.MethodInvocationHelper.invokeMethodConsideringTimeout(MethodInvocationHelper.java:59)
  org.testng.internal.Invoker.invokeConfigurationMethod(Invoker.java:458)
  org.testng.internal.Invoker.invokeConfigurations(Invoker.java:222)
  org.testng.internal.Invoker.invokeConfigurations(Invoker.java:142)
  org.testng.internal.TestMethodWorker.invokeBeforeClassMethods(TestMethodWorker.java:168)
  org.testng.internal.TestMethodWorker.run(TestMethodWorker.java:105)
  org.testng.TestRunner.privateRun(TestRunner.java:648)
  org.testng.TestRunner.run(TestRunner.java:505)
  org.testng.SuiteRunner.runTest(SuiteRunner.java:455)
  org.testng.SuiteRunner.runSequentially(SuiteRunner.java:450)
  org.testng.SuiteRunner.privateRun(SuiteRunner.java:415)
  org.testng.SuiteRunner.run(SuiteRunner.java:364)
  org.testng.SuiteRunnerWorker.runSuite(SuiteRunnerWorker.java:52)
  org.testng.SuiteRunnerWorker.run(SuiteRunnerWorker.java:84)
  org.testng.TestNG.runSuitesSequentially(TestNG.java:1208)
  org.testng.TestNG.runSuitesLocally(TestNG.java:1137)
  org.testng.TestNG.runSuites(TestNG.java:1049)
  org.testng.TestNG.run(TestNG.java:1017)
  org.testng.remote.AbstractRemoteTestNG.run(AbstractRemoteTestNG.java:115)
  org.testng.remote.RemoteTestNG.initAndRun(RemoteTestNG.java:251)
  org.testng.remote.RemoteTestNG.main(RemoteTestNG.java:77)
]]>
      </failure>

          </testcase>
  
            <testcase name="afterClass" time="0.0" classname="com.saucelab.Sort.TC01_Sort">
          <skipped />
    </testcase>
            <testcase name="TC04_SortPriceHighToLow" time="0.0" classname="com.saucelab.Sort.TC01_Sort">
          <skipped />
    </testcase>
            <testcase name="TC01_SortZA" time="0.0" classname="com.saucelab.Sort.TC01_Sort">
          <skipped />
    </testcase>
            <testcase name="TC02_SortAZ" time="0.0" classname="com.saucelab.Sort.TC01_Sort">
          <skipped />
    </testcase>
            <testcase name="TC03_SortPriceLowToHigh" time="0.0" classname="com.saucelab.Sort.TC01_Sort">
          <skipped />
    </testcase>
  
  
</testsuite>
